0 info it worked if it ends with ok
1 verbose cli [ 'node', '/usr/local/bin/npm', 'install' ]
2 info using npm@1.3.13
3 info using node@v0.10.21
4 warn package.json multibuttonentry@0.0.0 No README data
5 verbose readDependencies using package.json deps
6 verbose install where, deps [ '/home/mixkorea-linux/multibuttonentry',
6 verbose install   [ 'grunt', 'grunt-contrib-jshint', 'grunt-contrib-less' ] ]
7 info preinstall multibuttonentry@0.0.0
8 verbose readDependencies using package.json deps
9 verbose already installed skipping grunt-contrib-less@~0.8.1 /home/mixkorea-linux/multibuttonentry
10 verbose already installed skipping grunt@~0.4.1 /home/mixkorea-linux/multibuttonentry
11 verbose already installed skipping grunt-contrib-jshint@~0.7.1 /home/mixkorea-linux/multibuttonentry
12 silly resolved []
13 info build /home/mixkorea-linux/multibuttonentry
14 verbose linkStuff [ false, false, false, '/home/mixkorea-linux' ]
15 info linkStuff multibuttonentry@0.0.0
16 verbose linkBins multibuttonentry@0.0.0
17 verbose linkMans multibuttonentry@0.0.0
18 verbose rebuildBundles multibuttonentry@0.0.0
19 verbose rebuildBundles [ '.bin',
19 verbose rebuildBundles   'grunt',
19 verbose rebuildBundles   'grunt-cli',
19 verbose rebuildBundles   'grunt-contrib-jshint',
19 verbose rebuildBundles   'grunt-contrib-less' ]
20 verbose rebuild bundle /home/mixkorea-linux/multibuttonentry/node_modules/grunt-cli
21 info build /home/mixkorea-linux/multibuttonentry/node_modules/grunt-cli
22 info preinstall grunt-cli@0.1.9
23 verbose linkStuff [ false,
23 verbose linkStuff   false,
23 verbose linkStuff   false,
23 verbose linkStuff   '/home/mixkorea-linux/multibuttonentry/node_modules' ]
24 info linkStuff grunt-cli@0.1.9
25 warn prefer global grunt-cli@0.1.9 should be installed with -g
26 verbose linkBins grunt-cli@0.1.9
27 verbose link bins [ { grunt: 'bin/grunt' },
27 verbose link bins   '/home/mixkorea-linux/multibuttonentry/node_modules/.bin',
27 verbose link bins   false ]
28 verbose linkMans grunt-cli@0.1.9
29 verbose rebuildBundles grunt-cli@0.1.9
30 verbose rebuildBundles [ '.bin', 'findup-sync', 'nopt', 'resolve' ]
31 error Error: EACCES, unlink '/home/mixkorea-linux/multibuttonentry/node_modules/.bin/grunt'
31 error  { [Error: EACCES, unlink '/home/mixkorea-linux/multibuttonentry/node_modules/.bin/grunt']
31 error   errno: 3,
31 error   code: 'EACCES',
31 error   path: '/home/mixkorea-linux/multibuttonentry/node_modules/.bin/grunt' }
32 error Please try running this command again as root/Administrator.
33 error System Linux 3.5.0-42-generic
34 error command "node" "/usr/local/bin/npm" "install"
35 error cwd /home/mixkorea-linux/multibuttonentry
36 error node -v v0.10.21
37 error npm -v 1.3.13
38 error path /home/mixkorea-linux/multibuttonentry/node_modules/.bin/grunt
39 error code EACCES
40 error errno 3
41 error stack Error: EACCES, unlink '/home/mixkorea-linux/multibuttonentry/node_modules/.bin/grunt'
42 verbose exit [ 3, true ]
